<?xml version="1.0" encoding="UTF-8"?>
<testsuite xmlns:xsi="http://www.w3.org/2001/XMLSchema-instance" xsi:noNamespaceSchemaLocation="https://maven.apache.org/surefire/maven-surefire-plugin/xsd/surefire-test-report-3.0.xsd" version="3.0" name="com.zhiyuan.college.controller.RecommendationControllerTest" time="3.618" tests="11" errors="0" skipped="0" failures="0">
  <properties>
[...]
</properties>
  <testcase name="recommend_shouldRejectInvalidRequest" classname="com.zhiyuan.college.controller.RecommendationControllerTest" time="1.471">
    <system-out><![CDATA[12:39:08.988 [main] INFO org.springframework.test.context.support.AnnotationConfigContextLoaderUtils -- Could not detect default configuration classes for test class [com.zhiyuan.college.controller.RecommendationControllerTest]: RecommendationControllerTest does not declare any static, non-private, non-final, nested classes annotated with @Configuration.
12:39:09.065 [main] INFO org.springframework.boot.test.context.SpringBootTestContextBootstrapper -- Found @SpringBootConfiguration com.zhiyuan.college.CollegeRecommendationApplication for test class com.zhiyuan.college.controller.RecommendationControllerTest

  .   ____          _            __ _ _
 /\\ / ___'_ __ _ _(_)_ __  __ _ \ \ \ \
( ( )\___ | '_ | '_| | '_ \/ _` | \ \ \ \
 \\/  ___)| |_)| | | | | || (_| |  ) ) ) )
  '  |____| .__|_| |_|_| |_\__, | / / / /
 =========|_|==============|___/=/_/_/_/

 :: Spring Boot ::                (v3.3.5)

2026-03-19T12:39:09.333+08:00  INFO 20708 --- [           main] c.z.c.c.RecommendationControllerTest     : Starting RecommendationControllerTest using Java 21.0.8 with PID 20708 (started by Lenovo in D:\Java\IntelliJIDEA\zhiyuan)
2026-03-19T12:39:09.334+08:00  INFO 20708 --- [           main] c.z.c.c.RecommendationControllerTest     : The following 1 profile is active: "test"
 _ _   |_  _ _|_. ___ _ |    _ 
| | |\/|_)(_| | |_\  |_)||_|_\ 
     /               |         
                        3.5.7 
2026-03-19T12:39:10.044+08:00  INFO 20708 --- [           main] com.zaxxer.hikari.HikariDataSource       : HikariPool-1 - Starting...
2026-03-19T12:39:10.191+08:00  INFO 20708 --- [           main] com.zaxxer.hikari.pool.HikariPool        : HikariPool-1 - Added connection conn0: url=jdbc:h2:mem:testdb user=SA
2026-03-19T12:39:10.193+08:00  INFO 20708 --- [           main] com.zaxxer.hikari.HikariDataSource       : HikariPool-1 - Start completed.
2026-03-19T12:39:10.645+08:00  INFO 20708 --- [           main] o.s.b.a.w.s.WelcomePageHandlerMapping    : Adding welcome page: class path resource [static/index.html]
2026-03-19T12:39:10.830+08:00  INFO 20708 --- [           main] o.s.b.t.m.w.SpringBootMockServletContext : Initializing Spring TestDispatcherServlet ''
2026-03-19T12:39:10.830+08:00  INFO 20708 --- [           main] o.s.t.web.servlet.TestDispatcherServlet  : Initializing Servlet ''
2026-03-19T12:39:10.832+08:00  INFO 20708 --- [           main] o.s.t.web.servlet.TestDispatcherServlet  : Completed initialization in 1 ms
2026-03-19T12:39:10.844+08:00  INFO 20708 --- [           main] c.z.c.c.RecommendationControllerTest     : Started RecommendationControllerTest in 1.69 seconds (process running for 2.284)
]]></system-out>
    <system-err><![CDATA[WARNING: A Java agent has been loaded dynamically (C:\Users\Lenovo\.m2\repository\net\bytebuddy\byte-buddy-agent\1.14.19\byte-buddy-agent-1.14.19.jar)
WARNING: If a serviceability tool is in use, please run with -XX:+EnableDynamicAgentLoading to hide this warning
WARNING: If a serviceability tool is not in use, please run with -Djdk.instrument.traceUsage for more information
WARNING: Dynamic loading of agents will be disallowed by default in a future release
]]></system-err>
  </testcase>
  <testcase name="recommend_shouldReturnEmptyWhenRankMappingMissing" classname="com.zhiyuan.college.controller.RecommendationControllerTest" time="0.026"/>
  <testcase name="finalAdvice_shouldReturnAiSummary" classname="com.zhiyuan.college.controller.RecommendationControllerTest" time="0.035"/>
  <testcase name="plans_shouldSaveListAndQueryCurrentUserOnly" classname="com.zhiyuan.college.controller.RecommendationControllerTest" time="0.039"/>
  <testcase name="options_shouldReturnMetaData" classname="com.zhiyuan.college.controller.RecommendationControllerTest" time="0.002"/>
  <testcase name="recommend_shouldReturnGroupedResults" classname="com.zhiyuan.college.controller.RecommendationControllerTest" time="0.01"/>
  <testcase name="recommendByText_shouldUseStoredScoreWhenTextHasNoScore" classname="com.zhiyuan.college.controller.RecommendationControllerTest" time="0.012"/>
  <testcase name="recommend_shouldUseRankWhenRankMappingExists" classname="com.zhiyuan.college.controller.RecommendationControllerTest" time="0.016"/>
  <testcase name="history_shouldSaveAndQueryCurrentUserOnly" classname="com.zhiyuan.college.controller.RecommendationControllerTest" time="0.02"/>
  <testcase name="login_shouldRequireScoreAtFirstLogin" classname="com.zhiyuan.college.controller.RecommendationControllerTest" time="0.005"/>
  <testcase name="recommendByText_shouldUpdateStoredScoreWhenTextContainsScore" classname="com.zhiyuan.college.controller.RecommendationControllerTest" time="0.01"/>
</testsuite>